Exception at PC 0x00007FF82ED5A839
Exception at PC 0x00007FF82ED5A839
Exception at PC 0x00007FF82ED5A839
Exception at PC 0x00007FF82ED5A839
Exception at PC 0x00007FF82ED5A839
Exception at PC 0x00007FF82ED5A839
Exception at PC 0x00007FF82ED5A839
Exception at PC 0x00007FF82ED5A839
Exception at PC 0x00007FF82ED5A839
Exception at PC 0x00007FF82ED5A839
Exception at PC 0x00007FF82ED5A839
Exception at PC 0x00007FF82ED5A839
Exception at PC 0x00007FF82ED5A839
Exception at PC 0x00007FF82ED5A839
Exception at PC 0x00007FF82ED5A839
Exception at PC 0x00007FF82ED5A839
Exception at PC 0x00007FF82ED5A839
Exception at PC 0x00007FF82ED5A839
Exception at PC 0x00007FFF9631E132
Attemped to write at address 0x00007FFFF3B24AA4
Printing stacktrace...

[0]  [0x00007FFF9631E132]
[1]  [0x00007FFF9631E132]
[2]  [0x00007FFF9631E194]
[3]  [0x00007FFF95F6D0D7]
[4]  [0x00007FFF95E52BCA]
[5]  [0x00007FFF95E52FD1]
[6]  [0x00007FFF9631EB2F]
[7]  [0x00007FFF961DC19D]
[8]  [0x00007FFF961D5942]
[9]  [0x00007FFF961D5AB5]
[10] (RtlActivateActivationContextUnsafeFast+0x121) [0x00007FF8318C50A1]
[11] (LdrShutdownProcess+0x132) [0x00007FF83190AB02]
[12] (RtlExitUserProcess+0xad) [0x00007FF83190A9AD]
[13] (ExitProcess+0xa) [0x00007FF8311DCD8A]
[14] (exit+0x85) [0x00007FF82FA3A245]
[15] (initterm_e+0x245) [0x00007FF82FA3A8B5]
[16]  [0x00000000004014CD]
[17]  [0x000000000040151B]
[18] (BaseThreadInitThunk+0x14) [0x00007FF8311D7BD4]
[19] (RtlUserThreadStart+0x21) [0x00007FF83190CED1]
Done
