Exception at PC 0x00007FFC9E9BA839
Exception at PC 0x00007FFC9E9BA839
Exception at PC 0x00007FFC9E9BA839
Exception at PC 0x00007FFC9E9BA839
Exception at PC 0x00007FFC9E9BA839
Exception at PC 0x00007FFC9E9BA839
Exception at PC 0x00007FFC9E9BA839
Exception at PC 0x00007FFC9E9BA839
Exception at PC 0x00007FFC9E9BA839
Exception at PC 0x00007FFC9E9BA839
Exception at PC 0x00007FFC9E9BA839
Exception at PC 0x00007FFC9E9BA839
Exception at PC 0x00007FFC9E9BA839
Exception at PC 0x00007FFC9E9BA839
Exception at PC 0x00007FFC9E9BA839
Exception at PC 0x00007FFC9E9BA839
Exception at PC 0x00007FFC9E9BA839
Exception at PC 0x00007FFC9E9BA839
Exception at PC 0x00007FFC9E9BA839
Exception at PC 0x00007FFC9E9BA839
Exception at PC 0x00007FFC9E9BA839
Exception at PC 0x00007FFC9E9BA839
Exception at PC 0x00007FFBFD9EE132
Attemped to write at address 0x00007FFC52154AA4
Printing stacktrace...

[0]  [0x00007FFBFD9EE132]
[1]  [0x00007FFBFD9EE132]
[2]  [0x00007FFBFD9EE194]
[3]  [0x00007FFBFD63D0D7]
[4]  [0x00007FFBFD522BCA]
[5]  [0x00007FFBFD522FD1]
[6]  [0x00007FFBFD9EEB2F]
[7]  [0x00007FFBFD8AC19D]
[8]  [0x00007FFBFD8A5942]
[9]  [0x00007FFBFD8A5AB5]
[10] (RtlActivateActivationContextUnsafeFast+0x121) [0x00007FFCA16A50A1]
[11] (LdrShutdownProcess+0x132) [0x00007FFCA16EAB02]
[12] (RtlExitUserProcess+0xad) [0x00007FFCA16EA9AD]
[13] (ExitProcess+0xa) [0x00007FFCA08DCD8A]
[14] (exit+0x85) [0x00007FFC9FB8A245]
[15] (initterm_e+0x245) [0x00007FFC9FB8A8B5]
[16]  [0x00000000004014CD]
[17]  [0x000000000040151B]
[18] (BaseThreadInitThunk+0x14) [0x00007FFCA08D7BD4]
[19] (RtlUserThreadStart+0x21) [0x00007FFCA16ECED1]
Done
