Exception at PC 0x00007FFDEE97A839
Exception at PC 0x00007FFDEE97A839
Exception at PC 0x00007FFDEE97A839
Exception at PC 0x00007FFDEE97A839
Exception at PC 0x00007FFDEE97A839
Exception at PC 0x00007FFDEE97A839
Exception at PC 0x00007FFDEE97A839
Exception at PC 0x00007FFDEE97A839
Exception at PC 0x00007FFDEE97A839
Exception at PC 0x00007FFDEE97A839
Exception at PC 0x00007FFDEE97A839
Exception at PC 0x00007FFDEE97A839
Exception at PC 0x00007FFDEE97A839
Exception at PC 0x00007FFDEE97A839
Exception at PC 0x00007FFDEE97A839
Exception at PC 0x00007FFDEE97A839
Exception at PC 0x00007FFDEE97A839
Exception at PC 0x00007FFDEE97A839
Exception at PC 0x00007FFD60EAE132
Attemped to write at address 0x00007FFDB1874AA4
Printing stacktrace...

[0]  [0x00007FFD60EAE132]
[1]  [0x00007FFD60EAE132]
[2]  [0x00007FFD60EAE194]
[3]  [0x00007FFD60AFD0D7]
[4]  [0x00007FFD609E2BCA]
[5]  [0x00007FFD609E2FD1]
[6]  [0x00007FFD60EAEB2F]
[7]  [0x00007FFD60D6C19D]
[8]  [0x00007FFD60D65942]
[9]  [0x00007FFD60D65AB5]
[10] (RtlActivateActivationContextUnsafeFast+0x121) [0x00007FFDF0C450A1]
[11] (LdrShutdownProcess+0x132) [0x00007FFDF0C8AB12]
[12] (RtlExitUserProcess+0xad) [0x00007FFDF0C8A9BD]
[13] (ExitProcess+0xa) [0x00007FFDEF1DCD8A]
[14] (exit+0x85) [0x00007FFDEF88A245]
[15] (initterm_e+0x245) [0x00007FFDEF88A8B5]
[16]  [0x00000000004014CD]
[17]  [0x000000000040151B]
[18] (BaseThreadInitThunk+0x14) [0x00007FFDEF1D7BD4]
[19] (RtlUserThreadStart+0x21) [0x00007FFDF0C8CEE1]
Done
